Determining if the pthread_create exist failed with the following output:
Change Dir: /home/asia/Heap/kop_simulation/src/cmake-build-debug/CMakeFiles/CMakeTmp

Run Build Command(s):/usr/bin/make cmTC_7920c/fast 
/usr/bin/make -f CMakeFiles/cmTC_7920c.dir/build.make CMakeFiles/cmTC_7920c.dir/build
make[1]: Entering directory '/home/asia/Heap/kop_simulation/src/cmake-build-debug/CMakeFiles/CMakeTmp'
Building C object CMakeFiles/cmTC_7920c.dir/CheckSymbolExists.c.o
/usr/bin/cc    -o CMakeFiles/cmTC_7920c.dir/CheckSymbolExists.c.o   -c /home/asia/Heap/kop_simulation/src/cmake-build-debug/CMakeFiles/CMakeTmp/CheckSymbolExists.c
Linking C executable cmTC_7920c
/home/asia/.local/share/JetBrains/Toolbox/apps/CLion/ch-0/191.6707.69/bin/cmake/linux/bin/cmake -E cmake_link_script CMakeFiles/cmTC_7920c.dir/link.txt --verbose=1
/usr/bin/cc      -rdynamic CMakeFiles/cmTC_7920c.dir/CheckSymbolExists.c.o  -o cmTC_7920c 
CMakeFiles/cmTC_7920c.dir/CheckSymbolExists.c.o: In function `main':
CheckSymbolExists.c:(.text+0x1b): undefined reference to `pthread_create'
collect2: error: ld returned 1 exit status
CMakeFiles/cmTC_7920c.dir/build.make:86: recipe for target 'cmTC_7920c' failed
make[1]: *** [cmTC_7920c] Error 1
make[1]: Leaving directory '/home/asia/Heap/kop_simulation/src/cmake-build-debug/CMakeFiles/CMakeTmp'
Makefile:121: recipe for target 'cmTC_7920c/fast' failed
make: *** [cmTC_7920c/fast] Error 2

File /home/asia/Heap/kop_simulation/src/cmake-build-debug/CMakeFiles/CMakeTmp/CheckSymbolExists.c:
/* */
#include <pthread.h>

int main(int argc, char** argv)
{
  (void)argv;
#ifndef pthread_create
  return ((int*)(&pthread_create))[argc];
#else
  (void)argc;
  return 0;
#endif
}

Determining if the function pthread_create exists in the pthreads failed with the following output:
Change Dir: /home/asia/Heap/kop_simulation/src/cmake-build-debug/CMakeFiles/CMakeTmp

Run Build Command(s):/usr/bin/make cmTC_7d1ca/fast 
/usr/bin/make -f CMakeFiles/cmTC_7d1ca.dir/build.make CMakeFiles/cmTC_7d1ca.dir/build
make[1]: Entering directory '/home/asia/Heap/kop_simulation/src/cmake-build-debug/CMakeFiles/CMakeTmp'
Building C object CMakeFiles/cmTC_7d1ca.dir/CheckFunctionExists.c.o
/usr/bin/cc   -DCHECK_FUNCTION_EXISTS=pthread_create   -o CMakeFiles/cmTC_7d1ca.dir/CheckFunctionExists.c.o   -c /home/asia/.local/share/JetBrains/Toolbox/apps/CLion/ch-0/191.6707.69/bin/cmake/linux/share/cmake-3.14/Modules/CheckFunctionExists.c
Linking C executable cmTC_7d1ca
/home/asia/.local/share/JetBrains/Toolbox/apps/CLion/ch-0/191.6707.69/bin/cmake/linux/bin/cmake -E cmake_link_script CMakeFiles/cmTC_7d1ca.dir/link.txt --verbose=1
/usr/bin/cc  -DCHECK_FUNCTION_EXISTS=pthread_create    -rdynamic CMakeFiles/cmTC_7d1ca.dir/CheckFunctionExists.c.o  -o cmTC_7d1ca -lpthreads 
/usr/bin/ld: cannot find -lpthreads
collect2: error: ld returned 1 exit status
CMakeFiles/cmTC_7d1ca.dir/build.make:86: recipe for target 'cmTC_7d1ca' failed
make[1]: *** [cmTC_7d1ca] Error 1
make[1]: Leaving directory '/home/asia/Heap/kop_simulation/src/cmake-build-debug/CMakeFiles/CMakeTmp'
Makefile:121: recipe for target 'cmTC_7d1ca/fast' failed
make: *** [cmTC_7d1ca/fast] Error 2


